<?xml version="1.0" encoding="UTF-8"?>
<testsuite xmlns:xsi="http://www.w3.org/2001/XMLSchema-instance" xsi:noNamespaceSchemaLocation="https://maven.apache.org/surefire/maven-surefire-plugin/xsd/surefire-test-report.xsd" version="3.0.1" name="TestSuite" time="422.202" tests="22" errors="0" skipped="0" failures="0">
  <properties>
[...]
</properties>
  <testcase name="runScenario[&quot;To verify products added are displayed on cart page&quot;, &quot;To verify products in cart page&quot;](1)" classname="com.runner.TestRunner" time="310.197">
    <system-out><![CDATA[
@Information @InvalidInformationTest
Scenario Outline: To verify registration with blank information              # src/test/resources/Feature/YourInformationPage.feature:23

@Information @InvalidInformationTest
Scenario Outline: To verify registration with blank information                # src/test/resources/Feature/YourInformationPage.feature:24

@Cart @VerifyProducts
Scenario: To verify products added and products in cart page are same                                         # src/test/resources/Feature/cartPage.feature:15

@Information @InvalidInformationTest
Scenario Outline: To verify registration with blank information              # src/test/resources/Feature/YourInformationPage.feature:25

@Cart @CheckProductDisplayed
Scenario: To verify products added are displayed on cart page                                                 # src/test/resources/Feature/cartPage.feature:9

@Information @InvalidInformationTest
Scenario Outline: To verify registration with blank information               # src/test/resources/Feature/YourInformationPage.feature:26

@Login @ValidLoginTest
Scenario: To verify login with valid username and password                           # src/test/resources/Feature/loginPage.feature:8

@Information @InvalidInformationTest
Scenario Outline: To verify registration with blank information               # src/test/resources/Feature/YourInformationPage.feature:22

@Information @ValidInformationTest
Scenario: To verify registration with valid information                                  # src/test/resources/Feature/YourInformationPage.feature:9

@ProductCheckout @ProductCheckoutTest
Scenario: To add products to cart and complete the checkout process                                 # src/test/resources/Feature/SauceWebsiteFunctionality.feature:9
  Given User is on sauce website login page                                                                   # com.stepdefinition.CartPageStepDef.user_is_on_sauce_website()
  And user login with valid username as "standard_user" and valid password as "secret_sauce" to sauce website # com.stepdefinition.CartPageStepDef.user_login_to_sauce_website(java.lang.String,java.lang.String)
Products added
  Given User add products to cart                                                                             # com.stepdefinition.CartPageStepDef.user_add_products_to_cart()
  When user move to cart page                                                                                 # com.stepdefinition.CartPageStepDef.user_move_to_cart_page()
Products are displayed in cart page
  Then verify products that are added are displayed in cartpage                                               # com.stepdefinition.CartPageStepDef.verify_products_that_are_added_are_displayed_in_cartpage()
]]></system-out>
    <system-err><![CDATA[SLF4J: Failed to load class "org.slf4j.impl.StaticLoggerBinder".
SLF4J: Defaulting to no-operation (NOP) logger implementation
SLF4J: See http://www.slf4j.org/codes.html#StaticLoggerBinder for further details.
]]></system-err>
  </testcase>
  <testcase name="runScenario[&quot;To verify login with invalid username and password&quot;, &quot;To check login functionality of sauce website&quot;](2)" classname="com.runner.TestRunner" time="2.906">
    <system-out><![CDATA[
@Login @InvalidLoginTest
Scenario Outline: To verify login with invalid username and password                                                                               # src/test/resources/Feature/loginPage.feature:21
  Given User is on login page                                                                                                                      # com.stepdefinition.LoginStepDef.user_is_on_login_page()
  Given User enter invalid username "Arya"  and password as "Arya@123"                                                                             # com.stepdefinition.LoginStepDef.user_enter_invalid_username_and_password_as(java.lang.String,java.lang.String)
  When click on login button                                                                                                                       # com.stepdefinition.LoginStepDef.click_on_login_button()
Error Message Epic sadface: Username and password do not match any user in this service
  Then User should not be able to login and error message "Epic sadface: Username and password do not match any user in this service" is displayed # com.stepdefinition.LoginStepDef.user_should_not_be_able_to_login_and_error_message_is_displayed(java.lang.String)
]]></system-out>
  </testcase>
  <testcase name="runScenario[&quot;To verify login with invalid username and password&quot;, &quot;To check login functionality of sauce website&quot;](3)" classname="com.runner.TestRunner" time="3.66">
    <system-out><![CDATA[
@Login @InvalidLoginTest
Scenario Outline: To verify login with invalid username and password                                                                               # src/test/resources/Feature/loginPage.feature:22
  Given User is on login page                                                                                                                      # com.stepdefinition.LoginStepDef.user_is_on_login_page()
  Given User enter invalid username "standard_user"  and password as "Arya@123"                                                                    # com.stepdefinition.LoginStepDef.user_enter_invalid_username_and_password_as(java.lang.String,java.lang.String)
  When click on login button                                                                                                                       # com.stepdefinition.LoginStepDef.click_on_login_button()
Error Message Epic sadface: Username and password do not match any user in this service
  Then User should not be able to login and error message "Epic sadface: Username and password do not match any user in this service" is displayed # com.stepdefinition.LoginStepDef.user_should_not_be_able_to_login_and_error_message_is_displayed(java.lang.String)
]]></system-out>
  </testcase>
  <testcase name="runScenario[&quot;To verify login with invalid username and password&quot;, &quot;To check login functionality of sauce website&quot;](4)" classname="com.runner.TestRunner" time="2.825">
    <system-out><![CDATA[
@Login @InvalidLoginTest
Scenario Outline: To verify login with invalid username and password                                        # src/test/resources/Feature/loginPage.feature:23
  Given User is on login page                                                                               # com.stepdefinition.LoginStepDef.user_is_on_login_page()
  Given User enter invalid username ""  and password as ""                                                  # com.stepdefinition.LoginStepDef.user_enter_invalid_username_and_password_as(java.lang.String,java.lang.String)
  When click on login button                                                                                # com.stepdefinition.LoginStepDef.click_on_login_button()
Error Message Epic sadface: Username is required
  Then User should not be able to login and error message "Epic sadface: Username is required" is displayed # com.stepdefinition.LoginStepDef.user_should_not_be_able_to_login_and_error_message_is_displayed(java.lang.String)
]]></system-out>
  </testcase>
  <testcase name="runScenario[&quot;To verify login with invalid username and password&quot;, &quot;To check login functionality of sauce website&quot;](5)" classname="com.runner.TestRunner" time="2.427">
    <system-out><![CDATA[
@Login @InvalidLoginTest
Scenario Outline: To verify login with invalid username and password                                        # src/test/resources/Feature/loginPage.feature:24
  Given User is on login page                                                                               # com.stepdefinition.LoginStepDef.user_is_on_login_page()
  Given User enter invalid username "standard_user"  and password as ""                                     # com.stepdefinition.LoginStepDef.user_enter_invalid_username_and_password_as(java.lang.String,java.lang.String)
  When click on login button                                                                                # com.stepdefinition.LoginStepDef.click_on_login_button()
Error Message Epic sadface: Password is required
  Then User should not be able to login and error message "Epic sadface: Password is required" is displayed # com.stepdefinition.LoginStepDef.user_should_not_be_able_to_login_and_error_message_is_displayed(java.lang.String)
]]></system-out>
  </testcase>
  <testcase name="runScenario[&quot;To verify login with invalid username and password&quot;, &quot;To check login functionality of sauce website&quot;](6)" classname="com.runner.TestRunner" time="2.801">
    <system-out><![CDATA[
@Login @InvalidLoginTest
Scenario Outline: To verify login with invalid username and password                                                         # src/test/resources/Feature/loginPage.feature:25
  Given User is on login page                                                                                                # com.stepdefinition.LoginStepDef.user_is_on_login_page()
  Given User enter invalid username "locked_out_user"  and password as "secret_sauce"                                        # com.stepdefinition.LoginStepDef.user_enter_invalid_username_and_password_as(java.lang.String,java.lang.String)
  When click on login button                                                                                                 # com.stepdefinition.LoginStepDef.click_on_login_button()
Error Message Epic sadface: Sorry, this user has been locked out.
  Then User should not be able to login and error message "Epic sadface: Sorry, this user has been locked out." is displayed # com.stepdefinition.LoginStepDef.user_should_not_be_able_to_login_and_error_message_is_displayed(java.lang.String)
]]></system-out>
  </testcase>
  <testcase name="runScenario[&quot;To verify cart value&quot;, &quot;To check product page functionality&quot;](7)" classname="com.runner.TestRunner" time="3.076">
    <system-out><![CDATA[
@Product @VerifyCartValue
Scenario Outline: To verify cart value                                                                  # src/test/resources/Feature/productsPage.feature:16
  Given User is on sauce demo website                                                                   # com.stepdefinition.ProductsPageStepDef.user_is_on_sauce_website()
  And user login with valid username as "standard_user" and password as "secret_sauce" to sauce website # com.stepdefinition.ProductsPageStepDef.user_login_to_sauce_website(java.lang.String,java.lang.String)
User on Products page
  Given User as navigated to products page                                                              # com.stepdefinition.ProductsPageStepDef.user_is_on_products_page()
Products added
  When user add products to cart "addToCartTwoProducts"                                                 # com.stepdefinition.ProductsPageStepDef.add_products_to_cart_and_verify_cart_value(java.lang.String)
Cart value is correct
  Then check cart value with expected result cartValue "2"                                              # com.stepdefinition.ProductsPageStepDef.check_cart_value_with_expected_result(java.lang.String)
]]></system-out>
  </testcase>
  <testcase name="runScenario[&quot;To verify cart value&quot;, &quot;To check product page functionality&quot;](8)" classname="com.runner.TestRunner" time="3.404">
    <system-out><![CDATA[
@Product @VerifyCartValue
Scenario Outline: To verify cart value                                                                  # src/test/resources/Feature/productsPage.feature:17
  Given User is on sauce demo website                                                                   # com.stepdefinition.ProductsPageStepDef.user_is_on_sauce_website()
  And user login with valid username as "standard_user" and password as "secret_sauce" to sauce website # com.stepdefinition.ProductsPageStepDef.user_login_to_sauce_website(java.lang.String,java.lang.String)
User on Products page
  Given User as navigated to products page                                                              # com.stepdefinition.ProductsPageStepDef.user_is_on_products_page()
Products added
  When user add products to cart "addToCartFourProducts"                                                # com.stepdefinition.ProductsPageStepDef.add_products_to_cart_and_verify_cart_value(java.lang.String)
Cart value is correct
  Then check cart value with expected result cartValue "4"                                              # com.stepdefinition.ProductsPageStepDef.check_cart_value_with_expected_result(java.lang.String)
]]></system-out>
  </testcase>
  <testcase name="runScenario[&quot;To verify cart value&quot;, &quot;To check product page functionality&quot;](9)" classname="com.runner.TestRunner" time="4.176">
    <system-out><![CDATA[
@Product @VerifyCartValue
Scenario Outline: To verify cart value                                                                  # src/test/resources/Feature/productsPage.feature:18
  Given User is on sauce demo website                                                                   # com.stepdefinition.ProductsPageStepDef.user_is_on_sauce_website()
  And user login with valid username as "standard_user" and password as "secret_sauce" to sauce website # com.stepdefinition.ProductsPageStepDef.user_login_to_sauce_website(java.lang.String,java.lang.String)
User on Products page
  Given User as navigated to products page                                                              # com.stepdefinition.ProductsPageStepDef.user_is_on_products_page()
Products removed
  When user add products to cart "removeFromCart"                                                       # com.stepdefinition.ProductsPageStepDef.add_products_to_cart_and_verify_cart_value(java.lang.String)
Cart value is correct
  Then check cart value with expected result cartValue "2"                                              # com.stepdefinition.ProductsPageStepDef.check_cart_value_with_expected_result(java.lang.String)
]]></system-out>
  </testcase>
  <testcase name="runScenario[&quot;To verify registration with blank information&quot;, &quot;To check your information page functionality of sauce website&quot;](10)" classname="com.runner.TestRunner" time="2.275">
    <system-out><![CDATA[
@Product @VerifyFilterOption
Scenario Outline: To verify filter in products page                                                                                       # src/test/resources/Feature/productsPage.feature:28
  Given User is on sauce demo website login page                              # com.stepdefinition.YourInformationPageStepDef.user_is_on_sauce_demo_website_login_page()
Products added
  And User will complete product checkout process till your information page  # com.stepdefinition.YourInformationPageStepDef.User_will_complete_product_checkout_process_till_your_information_page()
  Given User is on your information page                                      # com.stepdefinition.YourInformationPageStepDef.user_is_on_your_information_page()
Information is entered
  When user enter valid firstName "" lastName "Ram" and postalCode "34534"    # com.stepdefinition.YourInformationPageStepDef.user_enter_valid_first_name_last_name_and_postal_code(java.lang.String,java.lang.String,java.lang.String)
  Then User should get correct error meassage "Error: First Name is required" # com.stepdefinition.YourInformationPageStepDef.user_should_get_correct_error_meassage(java.lang.String)
]]></system-out>
  </testcase>
  <testcase name="runScenario[&quot;To verify filter in products page&quot;, &quot;To check product page functionality&quot;](11)" classname="com.runner.TestRunner" time="3.024">
    <system-out><![CDATA[
@Product @VerifyFilterOption
Scenario Outline: To verify filter in products page                                                                                  # src/test/resources/Feature/productsPage.feature:29
  Given User is on sauce demo website                                                                                                     # com.stepdefinition.ProductsPageStepDef.user_is_on_sauce_website()
  And user login with valid username as "standard_user" and password as "secret_sauce" to sauce website                                   # com.stepdefinition.ProductsPageStepDef.user_login_to_sauce_website(java.lang.String,java.lang.String)
User on Products page
  Given User as navigated to products page                                                                                                # com.stepdefinition.ProductsPageStepDef.user_is_on_products_page()
  When user click on filter options with value "za"                                                                                       # com.stepdefinition.ProductsPageStepDef.user_click_on_filter_options_with_value(java.lang.String)
z to a sorting Verified
  Given User is on sauce demo website                                                                                                # com.stepdefinition.ProductsPageStepDef.user_is_on_sauce_website()
  Then the products should be sorted based on the value and the first product is "Test.allTheThings() T-Shirt (Red)" and "z to a sorting" # com.stepdefinition.ProductsPageStepDef.the_products_should_be_sorted_based_on_the_value_and_the_first_product_is(java.lang.String,java.lang.String)
]]></system-out>
  </testcase>
  <testcase name="runScenario[&quot;To verify filter in products page&quot;, &quot;To check product page functionality&quot;](12)" classname="com.runner.TestRunner" time="2.553">
    <system-out><![CDATA[
@Product @VerifyFilterOption
Scenario Outline: To verify filter in products page                                                                                         # src/test/resources/Feature/productsPage.feature:30
  And user login with valid username as "standard_user" and password as "secret_sauce" to sauce website                              # com.stepdefinition.ProductsPageStepDef.user_login_to_sauce_website(java.lang.String,java.lang.String)
User on Products page
  Given User as navigated to products page                                                                                           # com.stepdefinition.ProductsPageStepDef.user_is_on_products_page()
  When user click on filter options with value "lohi"                                                                                # com.stepdefinition.ProductsPageStepDef.user_click_on_filter_options_with_value(java.lang.String)
low to high price sorting Verified
  Given User is on sauce website login page                                                                   # com.stepdefinition.CartPageStepDef.user_is_on_sauce_website()
  Then the products should be sorted based on the value and the first product is "Sauce Labs Onesie" and "low to high price sorting" # com.stepdefinition.ProductsPageStepDef.the_products_should_be_sorted_based_on_the_value_and_the_first_product_is(java.lang.String,java.lang.String)
]]></system-out>
  </testcase>
  <testcase name="runScenario[&quot;To verify products added and products in cart page are same&quot;, &quot;To verify products in cart page&quot;](13)" classname="com.runner.TestRunner" time="2.165">
    <system-out><![CDATA[
@Product @VerifyFilterOption
Scenario Outline: To verify filter in products page                                                                         # src/test/resources/Feature/productsPage.feature:31
  And user login with valid username as "standard_user" and valid password as "secret_sauce" to sauce website # com.stepdefinition.CartPageStepDef.user_login_to_sauce_website(java.lang.String,java.lang.String)
Products added
  Given User add products to cart                                                                             # com.stepdefinition.CartPageStepDef.user_add_products_to_cart()
  When user move to cart page                                                                                 # com.stepdefinition.CartPageStepDef.user_move_to_cart_page()
Products verified
  Given User is on sauce demo website login page                                         # com.stepdefinition.YourInformationPageStepDef.user_is_on_sauce_demo_website_login_page()
  Given User is on sauce demo website                                                                                                       # com.stepdefinition.ProductsPageStepDef.user_is_on_sauce_website()
  Then verify products that products added and products in cart are same                                      # com.stepdefinition.CartPageStepDef.verify_products_that_products_added_and_products_in_cart_are_same()
]]></system-out>
  </testcase>
  <testcase name="runScenario[&quot;To verify filter in products page&quot;, &quot;To check product page functionality&quot;](14)" classname="com.runner.TestRunner" time="2.953">
    <system-out><![CDATA[  And user login with valid username as "standard_user" and password as "secret_sauce" to sauce website                                     # com.stepdefinition.ProductsPageStepDef.user_login_to_sauce_website(java.lang.String,java.lang.String)
User on Products page
  Given User as navigated to products page                                                                                                  # com.stepdefinition.ProductsPageStepDef.user_is_on_products_page()
Products added
  When user click on filter options with value "hilo"                                                                                       # com.stepdefinition.ProductsPageStepDef.user_click_on_filter_options_with_value(java.lang.String)
high to low price sorting Verified
  And User will complete product checkout process till your information page             # com.stepdefinition.YourInformationPageStepDef.User_will_complete_product_checkout_process_till_your_information_page()
  Given User is on your information page                                                 # com.stepdefinition.YourInformationPageStepDef.user_is_on_your_information_page()
  Then the products should be sorted based on the value and the first product is "Sauce Labs Fleece Jacket" and "high to low price sorting" # com.stepdefinition.ProductsPageStepDef.the_products_should_be_sorted_based_on_the_value_and_the_first_product_is(java.lang.String,java.lang.String)
]]></system-out>
  </testcase>
  <testcase name="runScenario[&quot;To verify registration with valid information&quot;, &quot;To check your information page functionality of sauce website&quot;](15)" classname="com.runner.TestRunner" time="4.157">
    <system-out><![CDATA[Information is entered
  Given User is on sauce demo website                                                                                       # com.stepdefinition.ProductsPageStepDef.user_is_on_sauce_website()
  When user enter valid firstName as "Arya" lastName as "Raj" and postalCode as "573201" # com.stepdefinition.YourInformationPageStepDef.user_enter_valid_first_name_as_last_name_as_and_postal_code_as(java.lang.String,java.lang.String,java.lang.String)
  Then User should be able navigate to overview page                                     # com.stepdefinition.YourInformationPageStepDef.user_should_be_able_navigate_to_overview_page()
]]></system-out>
  </testcase>
  <testcase name="runScenario[&quot;To verify filter in products page&quot;, &quot;To check product page functionality&quot;](16)" classname="com.runner.TestRunner" time="4.576">
    <system-out><![CDATA[  And user login with valid username as "standard_user" and password as "secret_sauce" to sauce website                     # com.stepdefinition.ProductsPageStepDef.user_login_to_sauce_website(java.lang.String,java.lang.String)
User on Products page
  Given User as navigated to products page                                                                                  # com.stepdefinition.ProductsPageStepDef.user_is_on_products_page()
  When user click on filter options with value "az"                                                                         # com.stepdefinition.ProductsPageStepDef.user_click_on_filter_options_with_value(java.lang.String)
a to z sorting Verified
  Then the products should be sorted based on the value and the first product is "Sauce Labs Backpack" and "a to z sorting" # com.stepdefinition.ProductsPageStepDef.the_products_should_be_sorted_based_on_the_value_and_the_first_product_is(java.lang.String,java.lang.String)
]]></system-out>
  </testcase>
  <testcase name="runScenario[&quot;To verify registration with blank information&quot;, &quot;To check your information page functionality of sauce website&quot;](17)" classname="com.runner.TestRunner" time="6.363">
    <system-out><![CDATA[  Given User is on sauce demo website login page                             # com.stepdefinition.YourInformationPageStepDef.user_is_on_sauce_demo_website_login_page()
Products added
  And User will complete product checkout process till your information page # com.stepdefinition.YourInformationPageStepDef.User_will_complete_product_checkout_process_till_your_information_page()
  Given User is on your information page                                     # com.stepdefinition.YourInformationPageStepDef.user_is_on_your_information_page()
Information is entered
  When user enter valid firstName "Arya" lastName "" and postalCode ""       # com.stepdefinition.YourInformationPageStepDef.user_enter_valid_first_name_last_name_and_postal_code(java.lang.String,java.lang.String,java.lang.String)
  Then User should get correct error meassage "Error: Last Name is required" # com.stepdefinition.YourInformationPageStepDef.user_should_get_correct_error_meassage(java.lang.String)
]]></system-out>
  </testcase>
  <testcase name="runScenario[&quot;To add products to cart and complete the checkout process&quot;, &quot;product checkout&quot;](18)" classname="com.runner.TestRunner" time="19.422">
    <system-out><![CDATA[  Given User is on sauce website                                                                    # com.stepdefinition.ProductCheckoutProcessStepDef.user_is_on_sauce_website()
  And user login with valid username as "standard_user" password as "secret_sauce" to sauce website # com.stepdefinition.ProductCheckoutProcessStepDef.user_login_to_sauce_website(java.lang.String,java.lang.String)
User on Products page
  Given User is on products page                                                                    # com.stepdefinition.ProductCheckoutProcessStepDef.user_is_on_products_page()
Products added
Cart value is correct
  When user add products to cart                                                                    # com.stepdefinition.ProductCheckoutProcessStepDef.add_products_to_cart_and_verify_cart_value()
Products verified
  And move to cart page                                                                             # com.stepdefinition.ProductCheckoutProcessStepDef.move_to_cart_page()
  And click on checkout button                                                                      # com.stepdefinition.ProductCheckoutProcessStepDef.click_on_checkout_button()
2024-08-14T09:19:40.156945Z TestNG-PoolService-1 ERROR Log4j2 could not find a logging implementation. Please add log4j-core to the classpath. Using SimpleLogger to log to the console...
Information is entered
  And enter the details                                                                             # com.stepdefinition.ProductCheckoutProcessStepDef.enter_the_details_and_click_on_continue_button()
  And click on continue button                                                                      # com.stepdefinition.ProductCheckoutProcessStepDef.click_on_continue_button()
  And click on finish                                                                               # com.stepdefinition.ProductCheckoutProcessStepDef.click_on_finish()
Product checkout completed
  Then product checkout should be completed and message to be displayed                             # com.stepdefinition.ProductCheckoutProcessStepDef.product_checkout_should_be_completed_and_message_to_be_displayed()
Logout Successful
  And logout from website                                                                           # com.stepdefinition.ProductCheckoutProcessStepDef.logout_from_website()
]]></system-out>
  </testcase>
  <testcase name="runScenario[&quot;To verify registration with blank information&quot;, &quot;To check your information page functionality of sauce website&quot;](19)" classname="com.runner.TestRunner" time="34.038">
    <system-out><![CDATA[  Given User is on sauce demo website login page                              # com.stepdefinition.YourInformationPageStepDef.user_is_on_sauce_demo_website_login_page()
Products added
  And User will complete product checkout process till your information page  # com.stepdefinition.YourInformationPageStepDef.User_will_complete_product_checkout_process_till_your_information_page()
  Given User is on your information page                                      # com.stepdefinition.YourInformationPageStepDef.user_is_on_your_information_page()
Information is entered
  Given User is on sauce demo website login page                               # com.stepdefinition.YourInformationPageStepDef.user_is_on_sauce_demo_website_login_page()
  When user enter valid firstName "" lastName "" and postalCode ""            # com.stepdefinition.YourInformationPageStepDef.user_enter_valid_first_name_last_name_and_postal_code(java.lang.String,java.lang.String,java.lang.String)
  Then User should get correct error meassage "Error: First Name is required" # com.stepdefinition.YourInformationPageStepDef.user_should_get_correct_error_meassage(java.lang.String)
]]></system-out>
  </testcase>
  <testcase name="runScenario[&quot;To verify registration with blank information&quot;, &quot;To check your information page functionality of sauce website&quot;](20)" classname="com.runner.TestRunner" time="35.18">
    <system-out><![CDATA[Products added
  And User will complete product checkout process till your information page   # com.stepdefinition.YourInformationPageStepDef.User_will_complete_product_checkout_process_till_your_information_page()
  Given User is on your information page                                       # com.stepdefinition.YourInformationPageStepDef.user_is_on_your_information_page()
Information is entered
  When user enter valid firstName "Arya" lastName "Raj" and postalCode ""      # com.stepdefinition.YourInformationPageStepDef.user_enter_valid_first_name_last_name_and_postal_code(java.lang.String,java.lang.String,java.lang.String)
  Then User should get correct error meassage "Error: Postal Code is required" # com.stepdefinition.YourInformationPageStepDef.user_should_get_correct_error_meassage(java.lang.String)
]]></system-out>
  </testcase>
  <testcase name="runScenario[&quot;To verify registration with blank information&quot;, &quot;To check your information page functionality of sauce website&quot;](21)" classname="com.runner.TestRunner" time="39.4">
    <system-out><![CDATA[  Given User is on sauce demo website login page                             # com.stepdefinition.YourInformationPageStepDef.user_is_on_sauce_demo_website_login_page()
Products added
  And User will complete product checkout process till your information page # com.stepdefinition.YourInformationPageStepDef.User_will_complete_product_checkout_process_till_your_information_page()
  Given User is on your information page                                     # com.stepdefinition.YourInformationPageStepDef.user_is_on_your_information_page()
Information is entered
  When user enter valid firstName "Ziva" lastName "" and postalCode "34567"  # com.stepdefinition.YourInformationPageStepDef.user_enter_valid_first_name_last_name_and_postal_code(java.lang.String,java.lang.String,java.lang.String)
  Then User should get correct error meassage "Error: Last Name is required" # com.stepdefinition.YourInformationPageStepDef.user_should_get_correct_error_meassage(java.lang.String)
]]></system-out>
  </testcase>
  <testcase name="runScenario[&quot;To verify login with valid username and password&quot;, &quot;To check login functionality of sauce website&quot;](22)" classname="com.runner.TestRunner" time="77.069">
    <system-out><![CDATA[  Given User is on login page                                                        # com.stepdefinition.LoginStepDef.user_is_on_login_page()
  Given User enter valid username as "standard_user"  and password as "secret_sauce" # com.stepdefinition.LoginStepDef.user_enter_valid_username_as_and_password_as(java.lang.String,java.lang.String)
  When click on login button                                                         # com.stepdefinition.LoginStepDef.click_on_login_button()
Login Successfull!!!
  Then User should be able to login and navigate to products page                    # com.stepdefinition.LoginStepDef.user_should_be_able_to_login_and_navigate_to_products_page()
]]></system-out>
  </testcase>
</testsuite>