<?xml version="1.0" encoding="UTF-8"?>
<testng-results ignored="0" total="22" passed="22" failed="0" skipped="0">
  <reporter-output>
  </reporter-output>
  <suite started-at="2024-07-08T15:54:56 IST" name="Suite" finished-at="2024-07-08T15:56:09 IST" duration-ms="73056">
    <groups>
      <group name="cucumber">
        <method signature="AbstractTestNGCucumberTests.runScenario(io.cucumber.testng.PickleWrapper,io.cucumber.testng.FeatureWrapper)[pri:0, instance:com.runner.TestRunner@7b2bbc3]" name="runScenario" class="io.cucumber.testng.AbstractTestNGCucumberTests"/>
      </group> <!-- cucumber -->
    </groups>
    <test started-at="2024-07-08T15:54:56 IST" name="Test" finished-at="2024-07-08T15:56:09 IST" duration-ms="73056">
      <class name="com.runner.TestRunner">
        <test-method is-config="true" signature="setUpClass(org.testng.ITestContext)[pri:0, instance:com.runner.TestRunner@7b2bbc3]" started-at="2024-07-08T15:54:56 IST" name="setUpClass" finished-at="2024-07-08T15:54:56 IST" duration-ms="364" status="PASS">
          <params>
            <param index="0">
              <value>
                <![CDATA[org.testng.TestRunner@297ea53a]]>
              </value>
            </param>
          </params>
          <reporter-output>
          </reporter-output>
        </test-method> <!-- setUpClass -->
        <test-method signature="runScenario(io.cucumber.testng.PickleWrapper,io.cucumber.testng.FeatureWrapper)[pri:0, instance:com.runner.TestRunner@7b2bbc3]" started-at="2024-07-08T15:54:56 IST" name="runScenario" description="Runs Cucumber Scenarios" data-provider="scenarios" finished-at="2024-07-08T15:55:27 IST" duration-ms="30785" status="PASS">
          <params>
            <param index="0">
              <value>
                <![CDATA["To verify registration with blank information"]]>
              </value>
            </param>
            <param index="1">
              <value>
                <![CDATA["To check your information page functionality of sauce website"]]>
              </value>
            </param>
          </params>
          <reporter-output>
          </reporter-output>
        </test-method> <!-- runScenario -->
        <test-method signature="runScenario(io.cucumber.testng.PickleWrapper,io.cucumber.testng.FeatureWrapper)[pri:0, instance:com.runner.TestRunner@7b2bbc3]" started-at="2024-07-08T15:54:56 IST" name="runScenario" description="Runs Cucumber Scenarios" data-provider="scenarios" finished-at="2024-07-08T15:55:27 IST" duration-ms="30751" status="PASS">
          <params>
            <param index="0">
              <value>
                <![CDATA["To verify registration with blank information"]]>
              </value>
            </param>
            <param index="1">
              <value>
                <![CDATA["To check your information page functionality of sauce website"]]>
              </value>
            </param>
          </params>
          <reporter-output>
          </reporter-output>
        </test-method> <!-- runScenario -->
        <test-method signature="runScenario(io.cucumber.testng.PickleWrapper,io.cucumber.testng.FeatureWrapper)[pri:0, instance:com.runner.TestRunner@7b2bbc3]" started-at="2024-07-08T15:54:56 IST" name="runScenario" description="Runs Cucumber Scenarios" data-provider="scenarios" finished-at="2024-07-08T15:55:27 IST" duration-ms="30356" status="PASS">
          <params>
            <param index="0">
              <value>
                <![CDATA["To verify registration with valid information"]]>
              </value>
            </param>
            <param index="1">
              <value>
                <![CDATA["To check your information page functionality of sauce website"]]>
              </value>
            </param>
          </params>
          <reporter-output>
          </reporter-output>
        </test-method> <!-- runScenario -->
        <test-method signature="runScenario(io.cucumber.testng.PickleWrapper,io.cucumber.testng.FeatureWrapper)[pri:0, instance:com.runner.TestRunner@7b2bbc3]" started-at="2024-07-08T15:54:56 IST" name="runScenario" description="Runs Cucumber Scenarios" data-provider="scenarios" finished-at="2024-07-08T15:55:26 IST" duration-ms="29944" status="PASS">
          <params>
            <param index="0">
              <value>
                <![CDATA["To verify registration with blank information"]]>
              </value>
            </param>
            <param index="1">
              <value>
                <![CDATA["To check your information page functionality of sauce website"]]>
              </value>
            </param>
          </params>
          <reporter-output>
          </reporter-output>
        </test-method> <!-- runScenario -->
        <test-method signature="runScenario(io.cucumber.testng.PickleWrapper,io.cucumber.testng.FeatureWrapper)[pri:0, instance:com.runner.TestRunner@7b2bbc3]" started-at="2024-07-08T15:54:56 IST" name="runScenario" description="Runs Cucumber Scenarios" data-provider="scenarios" finished-at="2024-07-08T15:55:26 IST" duration-ms="30079" status="PASS">
          <params>
            <param index="0">
              <value>
                <![CDATA["To add products to cart and complete the checkout process"]]>
              </value>
            </param>
            <param index="1">
              <value>
                <![CDATA["product checkout"]]>
              </value>
            </param>
          </params>
          <reporter-output>
          </reporter-output>
        </test-method> <!-- runScenario -->
        <test-method signature="runScenario(io.cucumber.testng.PickleWrapper,io.cucumber.testng.FeatureWrapper)[pri:0, instance:com.runner.TestRunner@7b2bbc3]" started-at="2024-07-08T15:54:56 IST" name="runScenario" description="Runs Cucumber Scenarios" data-provider="scenarios" finished-at="2024-07-08T15:55:26 IST" duration-ms="29874" status="PASS">
          <params>
            <param index="0">
              <value>
                <![CDATA["To verify registration with blank information"]]>
              </value>
            </param>
            <param index="1">
              <value>
                <![CDATA["To check your information page functionality of sauce website"]]>
              </value>
            </param>
          </params>
          <reporter-output>
          </reporter-output>
        </test-method> <!-- runScenario -->
        <test-method signature="runScenario(io.cucumber.testng.PickleWrapper,io.cucumber.testng.FeatureWrapper)[pri:0, instance:com.runner.TestRunner@7b2bbc3]" started-at="2024-07-08T15:54:56 IST" name="runScenario" description="Runs Cucumber Scenarios" data-provider="scenarios" finished-at="2024-07-08T15:55:27 IST" duration-ms="30612" status="PASS">
          <params>
            <param index="0">
              <value>
                <![CDATA["To verify registration with blank information"]]>
              </value>
            </param>
            <param index="1">
              <value>
                <![CDATA["To check your information page functionality of sauce website"]]>
              </value>
            </param>
          </params>
          <reporter-output>
          </reporter-output>
        </test-method> <!-- runScenario -->
        <test-method signature="runScenario(io.cucumber.testng.PickleWrapper,io.cucumber.testng.FeatureWrapper)[pri:0, instance:com.runner.TestRunner@7b2bbc3]" started-at="2024-07-08T15:54:56 IST" name="runScenario" description="Runs Cucumber Scenarios" data-provider="scenarios" finished-at="2024-07-08T15:55:27 IST" duration-ms="30996" status="PASS">
          <params>
            <param index="0">
              <value>
                <![CDATA["To verify products added and products in cart page are same"]]>
              </value>
            </param>
            <param index="1">
              <value>
                <![CDATA["To verify products in cart page"]]>
              </value>
            </param>
          </params>
          <reporter-output>
          </reporter-output>
        </test-method> <!-- runScenario -->
        <test-method signature="runScenario(io.cucumber.testng.PickleWrapper,io.cucumber.testng.FeatureWrapper)[pri:0, instance:com.runner.TestRunner@7b2bbc3]" started-at="2024-07-08T15:54:56 IST" name="runScenario" description="Runs Cucumber Scenarios" data-provider="scenarios" finished-at="2024-07-08T15:55:27 IST" duration-ms="30683" status="PASS">
          <params>
            <param index="0">
              <value>
                <![CDATA["To verify products added are displayed on cart page"]]>
              </value>
            </param>
            <param index="1">
              <value>
                <![CDATA["To verify products in cart page"]]>
              </value>
            </param>
          </params>
          <reporter-output>
          </reporter-output>
        </test-method> <!-- runScenario -->
        <test-method signature="runScenario(io.cucumber.testng.PickleWrapper,io.cucumber.testng.FeatureWrapper)[pri:0, instance:com.runner.TestRunner@7b2bbc3]" started-at="2024-07-08T15:54:56 IST" name="runScenario" description="Runs Cucumber Scenarios" data-provider="scenarios" finished-at="2024-07-08T15:55:27 IST" duration-ms="30869" status="PASS">
          <params>
            <param index="0">
              <value>
                <![CDATA["To verify login with valid username and password"]]>
              </value>
            </param>
            <param index="1">
              <value>
                <![CDATA["To check login functionality of sauce website"]]>
              </value>
            </param>
          </params>
          <reporter-output>
          </reporter-output>
        </test-method> <!-- runScenario -->
        <test-method signature="runScenario(io.cucumber.testng.PickleWrapper,io.cucumber.testng.FeatureWrapper)[pri:0, instance:com.runner.TestRunner@7b2bbc3]" started-at="2024-07-08T15:55:26 IST" name="runScenario" description="Runs Cucumber Scenarios" data-provider="scenarios" finished-at="2024-07-08T15:55:51 IST" duration-ms="24820" status="PASS">
          <params>
            <param index="0">
              <value>
                <![CDATA["To verify login with invalid username and password"]]>
              </value>
            </param>
            <param index="1">
              <value>
                <![CDATA["To check login functionality of sauce website"]]>
              </value>
            </param>
          </params>
          <reporter-output>
          </reporter-output>
        </test-method> <!-- runScenario -->
        <test-method signature="runScenario(io.cucumber.testng.PickleWrapper,io.cucumber.testng.FeatureWrapper)[pri:0, instance:com.runner.TestRunner@7b2bbc3]" started-at="2024-07-08T15:55:26 IST" name="runScenario" description="Runs Cucumber Scenarios" data-provider="scenarios" finished-at="2024-07-08T15:55:51 IST" duration-ms="24586" status="PASS">
          <params>
            <param index="0">
              <value>
                <![CDATA["To verify login with invalid username and password"]]>
              </value>
            </param>
            <param index="1">
              <value>
                <![CDATA["To check login functionality of sauce website"]]>
              </value>
            </param>
          </params>
          <reporter-output>
          </reporter-output>
        </test-method> <!-- runScenario -->
        <test-method signature="runScenario(io.cucumber.testng.PickleWrapper,io.cucumber.testng.FeatureWrapper)[pri:0, instance:com.runner.TestRunner@7b2bbc3]" started-at="2024-07-08T15:55:26 IST" name="runScenario" description="Runs Cucumber Scenarios" data-provider="scenarios" finished-at="2024-07-08T15:56:03 IST" duration-ms="36709" status="PASS">
          <params>
            <param index="0">
              <value>
                <![CDATA["To verify login with invalid username and password"]]>
              </value>
            </param>
            <param index="1">
              <value>
                <![CDATA["To check login functionality of sauce website"]]>
              </value>
            </param>
          </params>
          <reporter-output>
          </reporter-output>
        </test-method> <!-- runScenario -->
        <test-method signature="runScenario(io.cucumber.testng.PickleWrapper,io.cucumber.testng.FeatureWrapper)[pri:0, instance:com.runner.TestRunner@7b2bbc3]" started-at="2024-07-08T15:55:27 IST" name="runScenario" description="Runs Cucumber Scenarios" data-provider="scenarios" finished-at="2024-07-08T15:55:51 IST" duration-ms="24028" status="PASS">
          <params>
            <param index="0">
              <value>
                <![CDATA["To verify login with invalid username and password"]]>
              </value>
            </param>
            <param index="1">
              <value>
                <![CDATA["To check login functionality of sauce website"]]>
              </value>
            </param>
          </params>
          <reporter-output>
          </reporter-output>
        </test-method> <!-- runScenario -->
        <test-method signature="runScenario(io.cucumber.testng.PickleWrapper,io.cucumber.testng.FeatureWrapper)[pri:0, instance:com.runner.TestRunner@7b2bbc3]" started-at="2024-07-08T15:55:27 IST" name="runScenario" description="Runs Cucumber Scenarios" data-provider="scenarios" finished-at="2024-07-08T15:56:03 IST" duration-ms="36201" status="PASS">
          <params>
            <param index="0">
              <value>
                <![CDATA["To verify login with invalid username and password"]]>
              </value>
            </param>
            <param index="1">
              <value>
                <![CDATA["To check login functionality of sauce website"]]>
              </value>
            </param>
          </params>
          <reporter-output>
          </reporter-output>
        </test-method> <!-- runScenario -->
        <test-method signature="runScenario(io.cucumber.testng.PickleWrapper,io.cucumber.testng.FeatureWrapper)[pri:0, instance:com.runner.TestRunner@7b2bbc3]" started-at="2024-07-08T15:55:27 IST" name="runScenario" description="Runs Cucumber Scenarios" data-provider="scenarios" finished-at="2024-07-08T15:56:03 IST" duration-ms="35859" status="PASS">
          <params>
            <param index="0">
              <value>
                <![CDATA["To verify cart value"]]>
              </value>
            </param>
            <param index="1">
              <value>
                <![CDATA["To check product page functionality"]]>
              </value>
            </param>
          </params>
          <reporter-output>
          </reporter-output>
        </test-method> <!-- runScenario -->
        <test-method signature="runScenario(io.cucumber.testng.PickleWrapper,io.cucumber.testng.FeatureWrapper)[pri:0, instance:com.runner.TestRunner@7b2bbc3]" started-at="2024-07-08T15:55:27 IST" name="runScenario" description="Runs Cucumber Scenarios" data-provider="scenarios" finished-at="2024-07-08T15:56:03 IST" duration-ms="36064" status="PASS">
          <params>
            <param index="0">
              <value>
                <![CDATA["To verify cart value"]]>
              </value>
            </param>
            <param index="1">
              <value>
                <![CDATA["To check product page functionality"]]>
              </value>
            </param>
          </params>
          <reporter-output>
          </reporter-output>
        </test-method> <!-- runScenario -->
        <test-method signature="runScenario(io.cucumber.testng.PickleWrapper,io.cucumber.testng.FeatureWrapper)[pri:0, instance:com.runner.TestRunner@7b2bbc3]" started-at="2024-07-08T15:55:27 IST" name="runScenario" description="Runs Cucumber Scenarios" data-provider="scenarios" finished-at="2024-07-08T15:56:03 IST" duration-ms="35997" status="PASS">
          <params>
            <param index="0">
              <value>
                <![CDATA["To verify cart value"]]>
              </value>
            </param>
            <param index="1">
              <value>
                <![CDATA["To check product page functionality"]]>
              </value>
            </param>
          </params>
          <reporter-output>
          </reporter-output>
        </test-method> <!-- runScenario -->
        <test-method signature="runScenario(io.cucumber.testng.PickleWrapper,io.cucumber.testng.FeatureWrapper)[pri:0, instance:com.runner.TestRunner@7b2bbc3]" started-at="2024-07-08T15:55:27 IST" name="runScenario" description="Runs Cucumber Scenarios" data-provider="scenarios" finished-at="2024-07-08T15:56:03 IST" duration-ms="35691" status="PASS">
          <params>
            <param index="0">
              <value>
                <![CDATA["To verify filter in products page"]]>
              </value>
            </param>
            <param index="1">
              <value>
                <![CDATA["To check product page functionality"]]>
              </value>
            </param>
          </params>
          <reporter-output>
          </reporter-output>
        </test-method> <!-- runScenario -->
        <test-method signature="runScenario(io.cucumber.testng.PickleWrapper,io.cucumber.testng.FeatureWrapper)[pri:0, instance:com.runner.TestRunner@7b2bbc3]" started-at="2024-07-08T15:55:27 IST" name="runScenario" description="Runs Cucumber Scenarios" data-provider="scenarios" finished-at="2024-07-08T15:56:03 IST" duration-ms="35661" status="PASS">
          <params>
            <param index="0">
              <value>
                <![CDATA["To verify filter in products page"]]>
              </value>
            </param>
            <param index="1">
              <value>
                <![CDATA["To check product page functionality"]]>
              </value>
            </param>
          </params>
          <reporter-output>
          </reporter-output>
        </test-method> <!-- runScenario -->
        <test-method signature="runScenario(io.cucumber.testng.PickleWrapper,io.cucumber.testng.FeatureWrapper)[pri:0, instance:com.runner.TestRunner@7b2bbc3]" started-at="2024-07-08T15:55:51 IST" name="runScenario" description="Runs Cucumber Scenarios" data-provider="scenarios" finished-at="2024-07-08T15:56:08 IST" duration-ms="17816" status="PASS">
          <params>
            <param index="0">
              <value>
                <![CDATA["To verify filter in products page"]]>
              </value>
            </param>
            <param index="1">
              <value>
                <![CDATA["To check product page functionality"]]>
              </value>
            </param>
          </params>
          <reporter-output>
          </reporter-output>
        </test-method> <!-- runScenario -->
        <test-method signature="runScenario(io.cucumber.testng.PickleWrapper,io.cucumber.testng.FeatureWrapper)[pri:0, instance:com.runner.TestRunner@7b2bbc3]" started-at="2024-07-08T15:55:51 IST" name="runScenario" description="Runs Cucumber Scenarios" data-provider="scenarios" finished-at="2024-07-08T15:56:09 IST" duration-ms="18121" status="PASS">
          <params>
            <param index="0">
              <value>
                <![CDATA["To verify filter in products page"]]>
              </value>
            </param>
            <param index="1">
              <value>
                <![CDATA["To check product page functionality"]]>
              </value>
            </param>
          </params>
          <reporter-output>
          </reporter-output>
        </test-method> <!-- runScenario -->
        <test-method is-config="true" signature="tearDownClass()[pri:0, instance:com.runner.TestRunner@7b2bbc3]" started-at="2024-07-08T15:56:09 IST" name="tearDownClass" finished-at="2024-07-08T15:56:09 IST" duration-ms="12" status="PASS">
          <reporter-output>
          </reporter-output>
        </test-method> <!-- tearDownClass -->
      </class> <!-- com.runner.TestRunner -->
    </test> <!-- Test -->
  </suite> <!-- Suite -->
</testng-results>
