<?xml version="1.0" encoding="UTF-8"?>
<testng-results ignored="0" total="22" passed="22" failed="0" skipped="0">
  <reporter-output>
  </reporter-output>
  <suite started-at="2024-07-08T15:50:24 IST" name="Default suite" finished-at="2024-07-08T15:51:11 IST" duration-ms="47201">
    <groups>
      <group name="cucumber">
        <method signature="AbstractTestNGCucumberTests.runScenario(io.cucumber.testng.PickleWrapper,io.cucumber.testng.FeatureWrapper)[pri:0, instance:com.runner.TestRunner@7a35b0f5]" name="runScenario" class="io.cucumber.testng.AbstractTestNGCucumberTests"/>
      </group> <!-- cucumber -->
    </groups>
    <test started-at="2024-07-08T15:50:24 IST" name="Default test" finished-at="2024-07-08T15:51:11 IST" duration-ms="47201">
      <class name="com.runner.TestRunner">
        <test-method is-config="true" signature="setUpClass(org.testng.ITestContext)[pri:0, instance:com.runner.TestRunner@7a35b0f5]" started-at="2024-07-08T15:50:24 IST" name="setUpClass" finished-at="2024-07-08T15:50:25 IST" duration-ms="420" status="PASS">
          <params>
            <param index="0">
              <value>
                <![CDATA[org.testng.TestRunner@3d9fc57a]]>
              </value>
            </param>
          </params>
          <reporter-output>
          </reporter-output>
        </test-method> <!-- setUpClass -->
        <test-method signature="runScenario(io.cucumber.testng.PickleWrapper,io.cucumber.testng.FeatureWrapper)[pri:0, instance:com.runner.TestRunner@7a35b0f5]" started-at="2024-07-08T15:50:25 IST" name="runScenario" description="Runs Cucumber Scenarios" data-provider="scenarios" finished-at="2024-07-08T15:50:50 IST" duration-ms="25294" status="PASS">
          <params>
            <param index="0">
              <value>
                <![CDATA["To verify products added are displayed on cart page"]]>
              </value>
            </param>
            <param index="1">
              <value>
                <![CDATA["To verify products in cart page"]]>
              </value>
            </param>
          </params>
          <reporter-output>
          </reporter-output>
        </test-method> <!-- runScenario -->
        <test-method signature="runScenario(io.cucumber.testng.PickleWrapper,io.cucumber.testng.FeatureWrapper)[pri:0, instance:com.runner.TestRunner@7a35b0f5]" started-at="2024-07-08T15:50:25 IST" name="runScenario" description="Runs Cucumber Scenarios" data-provider="scenarios" finished-at="2024-07-08T15:50:48 IST" duration-ms="23175" status="PASS">
          <params>
            <param index="0">
              <value>
                <![CDATA["To verify registration with valid information"]]>
              </value>
            </param>
            <param index="1">
              <value>
                <![CDATA["To check your information page functionality of sauce website"]]>
              </value>
            </param>
          </params>
          <reporter-output>
          </reporter-output>
        </test-method> <!-- runScenario -->
        <test-method signature="runScenario(io.cucumber.testng.PickleWrapper,io.cucumber.testng.FeatureWrapper)[pri:0, instance:com.runner.TestRunner@7a35b0f5]" started-at="2024-07-08T15:50:25 IST" name="runScenario" description="Runs Cucumber Scenarios" data-provider="scenarios" finished-at="2024-07-08T15:50:48 IST" duration-ms="23531" status="PASS">
          <params>
            <param index="0">
              <value>
                <![CDATA["To verify registration with blank information"]]>
              </value>
            </param>
            <param index="1">
              <value>
                <![CDATA["To check your information page functionality of sauce website"]]>
              </value>
            </param>
          </params>
          <reporter-output>
          </reporter-output>
        </test-method> <!-- runScenario -->
        <test-method signature="runScenario(io.cucumber.testng.PickleWrapper,io.cucumber.testng.FeatureWrapper)[pri:0, instance:com.runner.TestRunner@7a35b0f5]" started-at="2024-07-08T15:50:25 IST" name="runScenario" description="Runs Cucumber Scenarios" data-provider="scenarios" finished-at="2024-07-08T15:50:48 IST" duration-ms="23429" status="PASS">
          <params>
            <param index="0">
              <value>
                <![CDATA["To verify registration with blank information"]]>
              </value>
            </param>
            <param index="1">
              <value>
                <![CDATA["To check your information page functionality of sauce website"]]>
              </value>
            </param>
          </params>
          <reporter-output>
          </reporter-output>
        </test-method> <!-- runScenario -->
        <test-method signature="runScenario(io.cucumber.testng.PickleWrapper,io.cucumber.testng.FeatureWrapper)[pri:0, instance:com.runner.TestRunner@7a35b0f5]" started-at="2024-07-08T15:50:25 IST" name="runScenario" description="Runs Cucumber Scenarios" data-provider="scenarios" finished-at="2024-07-08T15:50:50 IST" duration-ms="25172" status="PASS">
          <params>
            <param index="0">
              <value>
                <![CDATA["To verify registration with blank information"]]>
              </value>
            </param>
            <param index="1">
              <value>
                <![CDATA["To check your information page functionality of sauce website"]]>
              </value>
            </param>
          </params>
          <reporter-output>
          </reporter-output>
        </test-method> <!-- runScenario -->
        <test-method signature="runScenario(io.cucumber.testng.PickleWrapper,io.cucumber.testng.FeatureWrapper)[pri:0, instance:com.runner.TestRunner@7a35b0f5]" started-at="2024-07-08T15:50:25 IST" name="runScenario" description="Runs Cucumber Scenarios" data-provider="scenarios" finished-at="2024-07-08T15:50:47 IST" duration-ms="22513" status="PASS">
          <params>
            <param index="0">
              <value>
                <![CDATA["To verify registration with blank information"]]>
              </value>
            </param>
            <param index="1">
              <value>
                <![CDATA["To check your information page functionality of sauce website"]]>
              </value>
            </param>
          </params>
          <reporter-output>
          </reporter-output>
        </test-method> <!-- runScenario -->
        <test-method signature="runScenario(io.cucumber.testng.PickleWrapper,io.cucumber.testng.FeatureWrapper)[pri:0, instance:com.runner.TestRunner@7a35b0f5]" started-at="2024-07-08T15:50:25 IST" name="runScenario" description="Runs Cucumber Scenarios" data-provider="scenarios" finished-at="2024-07-08T15:50:48 IST" duration-ms="23552" status="PASS">
          <params>
            <param index="0">
              <value>
                <![CDATA["To verify registration with blank information"]]>
              </value>
            </param>
            <param index="1">
              <value>
                <![CDATA["To check your information page functionality of sauce website"]]>
              </value>
            </param>
          </params>
          <reporter-output>
          </reporter-output>
        </test-method> <!-- runScenario -->
        <test-method signature="runScenario(io.cucumber.testng.PickleWrapper,io.cucumber.testng.FeatureWrapper)[pri:0, instance:com.runner.TestRunner@7a35b0f5]" started-at="2024-07-08T15:50:25 IST" name="runScenario" description="Runs Cucumber Scenarios" data-provider="scenarios" finished-at="2024-07-08T15:50:48 IST" duration-ms="23599" status="PASS">
          <params>
            <param index="0">
              <value>
                <![CDATA["To verify products added and products in cart page are same"]]>
              </value>
            </param>
            <param index="1">
              <value>
                <![CDATA["To verify products in cart page"]]>
              </value>
            </param>
          </params>
          <reporter-output>
          </reporter-output>
        </test-method> <!-- runScenario -->
        <test-method signature="runScenario(io.cucumber.testng.PickleWrapper,io.cucumber.testng.FeatureWrapper)[pri:0, instance:com.runner.TestRunner@7a35b0f5]" started-at="2024-07-08T15:50:25 IST" name="runScenario" description="Runs Cucumber Scenarios" data-provider="scenarios" finished-at="2024-07-08T15:50:48 IST" duration-ms="23237" status="PASS">
          <params>
            <param index="0">
              <value>
                <![CDATA["To verify login with valid username and password"]]>
              </value>
            </param>
            <param index="1">
              <value>
                <![CDATA["To check login functionality of sauce website"]]>
              </value>
            </param>
          </params>
          <reporter-output>
          </reporter-output>
        </test-method> <!-- runScenario -->
        <test-method signature="runScenario(io.cucumber.testng.PickleWrapper,io.cucumber.testng.FeatureWrapper)[pri:0, instance:com.runner.TestRunner@7a35b0f5]" started-at="2024-07-08T15:50:25 IST" name="runScenario" description="Runs Cucumber Scenarios" data-provider="scenarios" finished-at="2024-07-08T15:51:07 IST" duration-ms="42814" status="PASS">
          <params>
            <param index="0">
              <value>
                <![CDATA["To add products to cart and complete the checkout process"]]>
              </value>
            </param>
            <param index="1">
              <value>
                <![CDATA["product checkout"]]>
              </value>
            </param>
          </params>
          <reporter-output>
          </reporter-output>
        </test-method> <!-- runScenario -->
        <test-method signature="runScenario(io.cucumber.testng.PickleWrapper,io.cucumber.testng.FeatureWrapper)[pri:0, instance:com.runner.TestRunner@7a35b0f5]" started-at="2024-07-08T15:50:47 IST" name="runScenario" description="Runs Cucumber Scenarios" data-provider="scenarios" finished-at="2024-07-08T15:51:05 IST" duration-ms="18230" status="PASS">
          <params>
            <param index="0">
              <value>
                <![CDATA["To verify login with invalid username and password"]]>
              </value>
            </param>
            <param index="1">
              <value>
                <![CDATA["To check login functionality of sauce website"]]>
              </value>
            </param>
          </params>
          <reporter-output>
          </reporter-output>
        </test-method> <!-- runScenario -->
        <test-method signature="runScenario(io.cucumber.testng.PickleWrapper,io.cucumber.testng.FeatureWrapper)[pri:0, instance:com.runner.TestRunner@7a35b0f5]" started-at="2024-07-08T15:50:48 IST" name="runScenario" description="Runs Cucumber Scenarios" data-provider="scenarios" finished-at="2024-07-08T15:51:07 IST" duration-ms="18756" status="PASS">
          <params>
            <param index="0">
              <value>
                <![CDATA["To verify login with invalid username and password"]]>
              </value>
            </param>
            <param index="1">
              <value>
                <![CDATA["To check login functionality of sauce website"]]>
              </value>
            </param>
          </params>
          <reporter-output>
          </reporter-output>
        </test-method> <!-- runScenario -->
        <test-method signature="runScenario(io.cucumber.testng.PickleWrapper,io.cucumber.testng.FeatureWrapper)[pri:0, instance:com.runner.TestRunner@7a35b0f5]" started-at="2024-07-08T15:50:48 IST" name="runScenario" description="Runs Cucumber Scenarios" data-provider="scenarios" finished-at="2024-07-08T15:51:05 IST" duration-ms="16656" status="PASS">
          <params>
            <param index="0">
              <value>
                <![CDATA["To verify login with invalid username and password"]]>
              </value>
            </param>
            <param index="1">
              <value>
                <![CDATA["To check login functionality of sauce website"]]>
              </value>
            </param>
          </params>
          <reporter-output>
          </reporter-output>
        </test-method> <!-- runScenario -->
        <test-method signature="runScenario(io.cucumber.testng.PickleWrapper,io.cucumber.testng.FeatureWrapper)[pri:0, instance:com.runner.TestRunner@7a35b0f5]" started-at="2024-07-08T15:50:48 IST" name="runScenario" description="Runs Cucumber Scenarios" data-provider="scenarios" finished-at="2024-07-08T15:51:07 IST" duration-ms="18409" status="PASS">
          <params>
            <param index="0">
              <value>
                <![CDATA["To verify login with invalid username and password"]]>
              </value>
            </param>
            <param index="1">
              <value>
                <![CDATA["To check login functionality of sauce website"]]>
              </value>
            </param>
          </params>
          <reporter-output>
          </reporter-output>
        </test-method> <!-- runScenario -->
        <test-method signature="runScenario(io.cucumber.testng.PickleWrapper,io.cucumber.testng.FeatureWrapper)[pri:0, instance:com.runner.TestRunner@7a35b0f5]" started-at="2024-07-08T15:50:48 IST" name="runScenario" description="Runs Cucumber Scenarios" data-provider="scenarios" finished-at="2024-07-08T15:51:07 IST" duration-ms="18711" status="PASS">
          <params>
            <param index="0">
              <value>
                <![CDATA["To verify login with invalid username and password"]]>
              </value>
            </param>
            <param index="1">
              <value>
                <![CDATA["To check login functionality of sauce website"]]>
              </value>
            </param>
          </params>
          <reporter-output>
          </reporter-output>
        </test-method> <!-- runScenario -->
        <test-method signature="runScenario(io.cucumber.testng.PickleWrapper,io.cucumber.testng.FeatureWrapper)[pri:0, instance:com.runner.TestRunner@7a35b0f5]" started-at="2024-07-08T15:50:48 IST" name="runScenario" description="Runs Cucumber Scenarios" data-provider="scenarios" finished-at="2024-07-08T15:51:05 IST" duration-ms="17095" status="PASS">
          <params>
            <param index="0">
              <value>
                <![CDATA["To verify cart value"]]>
              </value>
            </param>
            <param index="1">
              <value>
                <![CDATA["To check product page functionality"]]>
              </value>
            </param>
          </params>
          <reporter-output>
          </reporter-output>
        </test-method> <!-- runScenario -->
        <test-method signature="runScenario(io.cucumber.testng.PickleWrapper,io.cucumber.testng.FeatureWrapper)[pri:0, instance:com.runner.TestRunner@7a35b0f5]" started-at="2024-07-08T15:50:48 IST" name="runScenario" description="Runs Cucumber Scenarios" data-provider="scenarios" finished-at="2024-07-08T15:51:05 IST" duration-ms="17218" status="PASS">
          <params>
            <param index="0">
              <value>
                <![CDATA["To verify cart value"]]>
              </value>
            </param>
            <param index="1">
              <value>
                <![CDATA["To check product page functionality"]]>
              </value>
            </param>
          </params>
          <reporter-output>
          </reporter-output>
        </test-method> <!-- runScenario -->
        <test-method signature="runScenario(io.cucumber.testng.PickleWrapper,io.cucumber.testng.FeatureWrapper)[pri:0, instance:com.runner.TestRunner@7a35b0f5]" started-at="2024-07-08T15:50:50 IST" name="runScenario" description="Runs Cucumber Scenarios" data-provider="scenarios" finished-at="2024-07-08T15:51:07 IST" duration-ms="17197" status="PASS">
          <params>
            <param index="0">
              <value>
                <![CDATA["To verify cart value"]]>
              </value>
            </param>
            <param index="1">
              <value>
                <![CDATA["To check product page functionality"]]>
              </value>
            </param>
          </params>
          <reporter-output>
          </reporter-output>
        </test-method> <!-- runScenario -->
        <test-method signature="runScenario(io.cucumber.testng.PickleWrapper,io.cucumber.testng.FeatureWrapper)[pri:0, instance:com.runner.TestRunner@7a35b0f5]" started-at="2024-07-08T15:50:50 IST" name="runScenario" description="Runs Cucumber Scenarios" data-provider="scenarios" finished-at="2024-07-08T15:51:07 IST" duration-ms="16751" status="PASS">
          <params>
            <param index="0">
              <value>
                <![CDATA["To verify filter in products page"]]>
              </value>
            </param>
            <param index="1">
              <value>
                <![CDATA["To check product page functionality"]]>
              </value>
            </param>
          </params>
          <reporter-output>
          </reporter-output>
        </test-method> <!-- runScenario -->
        <test-method signature="runScenario(io.cucumber.testng.PickleWrapper,io.cucumber.testng.FeatureWrapper)[pri:0, instance:com.runner.TestRunner@7a35b0f5]" started-at="2024-07-08T15:51:05 IST" name="runScenario" description="Runs Cucumber Scenarios" data-provider="scenarios" finished-at="2024-07-08T15:51:11 IST" duration-ms="5978" status="PASS">
          <params>
            <param index="0">
              <value>
                <![CDATA["To verify filter in products page"]]>
              </value>
            </param>
            <param index="1">
              <value>
                <![CDATA["To check product page functionality"]]>
              </value>
            </param>
          </params>
          <reporter-output>
          </reporter-output>
        </test-method> <!-- runScenario -->
        <test-method signature="runScenario(io.cucumber.testng.PickleWrapper,io.cucumber.testng.FeatureWrapper)[pri:0, instance:com.runner.TestRunner@7a35b0f5]" started-at="2024-07-08T15:51:05 IST" name="runScenario" description="Runs Cucumber Scenarios" data-provider="scenarios" finished-at="2024-07-08T15:51:11 IST" duration-ms="5256" status="PASS">
          <params>
            <param index="0">
              <value>
                <![CDATA["To verify filter in products page"]]>
              </value>
            </param>
            <param index="1">
              <value>
                <![CDATA["To check product page functionality"]]>
              </value>
            </param>
          </params>
          <reporter-output>
          </reporter-output>
        </test-method> <!-- runScenario -->
        <test-method signature="runScenario(io.cucumber.testng.PickleWrapper,io.cucumber.testng.FeatureWrapper)[pri:0, instance:com.runner.TestRunner@7a35b0f5]" started-at="2024-07-08T15:51:05 IST" name="runScenario" description="Runs Cucumber Scenarios" data-provider="scenarios" finished-at="2024-07-08T15:51:11 IST" duration-ms="5975" status="PASS">
          <params>
            <param index="0">
              <value>
                <![CDATA["To verify filter in products page"]]>
              </value>
            </param>
            <param index="1">
              <value>
                <![CDATA["To check product page functionality"]]>
              </value>
            </param>
          </params>
          <reporter-output>
          </reporter-output>
        </test-method> <!-- runScenario -->
        <test-method is-config="true" signature="tearDownClass()[pri:0, instance:com.runner.TestRunner@7a35b0f5]" started-at="2024-07-08T15:51:11 IST" name="tearDownClass" finished-at="2024-07-08T15:51:11 IST" duration-ms="19" status="PASS">
          <reporter-output>
          </reporter-output>
        </test-method> <!-- tearDownClass -->
      </class> <!-- com.runner.TestRunner -->
    </test> <!-- Default test -->
  </suite> <!-- Default suite -->
</testng-results>
