<?xml version="1.0" encoding="UTF-8"?>
<testng-results ignored="0" total="22" passed="22" failed="0" skipped="0">
  <reporter-output>
  </reporter-output>
  <suite started-at="2024-07-08T20:24:48 IST" name="Default suite" finished-at="2024-07-08T20:25:40 IST" duration-ms="51890">
    <groups>
      <group name="cucumber">
        <method signature="AbstractTestNGCucumberTests.runScenario(io.cucumber.testng.PickleWrapper,io.cucumber.testng.FeatureWrapper)[pri:0, instance:com.runner.TestRunner@6f10d5b6]" name="runScenario" class="io.cucumber.testng.AbstractTestNGCucumberTests"/>
      </group> <!-- cucumber -->
    </groups>
    <test started-at="2024-07-08T20:24:48 IST" name="Default test" finished-at="2024-07-08T20:25:40 IST" duration-ms="51890">
      <class name="com.runner.TestRunner">
        <test-method is-config="true" signature="setUpClass(org.testng.ITestContext)[pri:0, instance:com.runner.TestRunner@6f10d5b6]" started-at="2024-07-08T20:24:48 IST" name="setUpClass" finished-at="2024-07-08T20:24:49 IST" duration-ms="1071" status="PASS">
          <params>
            <param index="0">
              <value>
                <![CDATA[org.testng.TestRunner@1ea9f009]]>
              </value>
            </param>
          </params>
          <reporter-output>
          </reporter-output>
        </test-method> <!-- setUpClass -->
        <test-method signature="runScenario(io.cucumber.testng.PickleWrapper,io.cucumber.testng.FeatureWrapper)[pri:0, instance:com.runner.TestRunner@6f10d5b6]" started-at="2024-07-08T20:24:49 IST" name="runScenario" description="Runs Cucumber Scenarios" data-provider="scenarios" finished-at="2024-07-08T20:25:25 IST" duration-ms="36412" status="PASS">
          <params>
            <param index="0">
              <value>
                <![CDATA["To verify registration with valid information"]]>
              </value>
            </param>
            <param index="1">
              <value>
                <![CDATA["To check your information page functionality of sauce website"]]>
              </value>
            </param>
          </params>
          <reporter-output>
          </reporter-output>
        </test-method> <!-- runScenario -->
        <test-method signature="runScenario(io.cucumber.testng.PickleWrapper,io.cucumber.testng.FeatureWrapper)[pri:0, instance:com.runner.TestRunner@6f10d5b6]" started-at="2024-07-08T20:24:49 IST" name="runScenario" description="Runs Cucumber Scenarios" data-provider="scenarios" finished-at="2024-07-08T20:25:26 IST" duration-ms="36893" status="PASS">
          <params>
            <param index="0">
              <value>
                <![CDATA["To add products to cart and complete the checkout process"]]>
              </value>
            </param>
            <param index="1">
              <value>
                <![CDATA["product checkout"]]>
              </value>
            </param>
          </params>
          <reporter-output>
          </reporter-output>
        </test-method> <!-- runScenario -->
        <test-method signature="runScenario(io.cucumber.testng.PickleWrapper,io.cucumber.testng.FeatureWrapper)[pri:0, instance:com.runner.TestRunner@6f10d5b6]" started-at="2024-07-08T20:24:49 IST" name="runScenario" description="Runs Cucumber Scenarios" data-provider="scenarios" finished-at="2024-07-08T20:25:25 IST" duration-ms="36348" status="PASS">
          <params>
            <param index="0">
              <value>
                <![CDATA["To verify registration with blank information"]]>
              </value>
            </param>
            <param index="1">
              <value>
                <![CDATA["To check your information page functionality of sauce website"]]>
              </value>
            </param>
          </params>
          <reporter-output>
          </reporter-output>
        </test-method> <!-- runScenario -->
        <test-method signature="runScenario(io.cucumber.testng.PickleWrapper,io.cucumber.testng.FeatureWrapper)[pri:0, instance:com.runner.TestRunner@6f10d5b6]" started-at="2024-07-08T20:24:49 IST" name="runScenario" description="Runs Cucumber Scenarios" data-provider="scenarios" finished-at="2024-07-08T20:25:25 IST" duration-ms="36644" status="PASS">
          <params>
            <param index="0">
              <value>
                <![CDATA["To verify registration with blank information"]]>
              </value>
            </param>
            <param index="1">
              <value>
                <![CDATA["To check your information page functionality of sauce website"]]>
              </value>
            </param>
          </params>
          <reporter-output>
          </reporter-output>
        </test-method> <!-- runScenario -->
        <test-method signature="runScenario(io.cucumber.testng.PickleWrapper,io.cucumber.testng.FeatureWrapper)[pri:0, instance:com.runner.TestRunner@6f10d5b6]" started-at="2024-07-08T20:24:49 IST" name="runScenario" description="Runs Cucumber Scenarios" data-provider="scenarios" finished-at="2024-07-08T20:25:24 IST" duration-ms="35657" status="PASS">
          <params>
            <param index="0">
              <value>
                <![CDATA["To verify registration with blank information"]]>
              </value>
            </param>
            <param index="1">
              <value>
                <![CDATA["To check your information page functionality of sauce website"]]>
              </value>
            </param>
          </params>
          <reporter-output>
          </reporter-output>
        </test-method> <!-- runScenario -->
        <test-method signature="runScenario(io.cucumber.testng.PickleWrapper,io.cucumber.testng.FeatureWrapper)[pri:0, instance:com.runner.TestRunner@6f10d5b6]" started-at="2024-07-08T20:24:49 IST" name="runScenario" description="Runs Cucumber Scenarios" data-provider="scenarios" finished-at="2024-07-08T20:25:21 IST" duration-ms="32567" status="PASS">
          <params>
            <param index="0">
              <value>
                <![CDATA["To verify products added are displayed on cart page"]]>
              </value>
            </param>
            <param index="1">
              <value>
                <![CDATA["To verify products in cart page"]]>
              </value>
            </param>
          </params>
          <reporter-output>
          </reporter-output>
        </test-method> <!-- runScenario -->
        <test-method signature="runScenario(io.cucumber.testng.PickleWrapper,io.cucumber.testng.FeatureWrapper)[pri:0, instance:com.runner.TestRunner@6f10d5b6]" started-at="2024-07-08T20:24:49 IST" name="runScenario" description="Runs Cucumber Scenarios" data-provider="scenarios" finished-at="2024-07-08T20:25:23 IST" duration-ms="34031" status="PASS">
          <params>
            <param index="0">
              <value>
                <![CDATA["To verify registration with blank information"]]>
              </value>
            </param>
            <param index="1">
              <value>
                <![CDATA["To check your information page functionality of sauce website"]]>
              </value>
            </param>
          </params>
          <reporter-output>
          </reporter-output>
        </test-method> <!-- runScenario -->
        <test-method signature="runScenario(io.cucumber.testng.PickleWrapper,io.cucumber.testng.FeatureWrapper)[pri:0, instance:com.runner.TestRunner@6f10d5b6]" started-at="2024-07-08T20:24:49 IST" name="runScenario" description="Runs Cucumber Scenarios" data-provider="scenarios" finished-at="2024-07-08T20:25:20 IST" duration-ms="31636" status="PASS">
          <params>
            <param index="0">
              <value>
                <![CDATA["To verify products added and products in cart page are same"]]>
              </value>
            </param>
            <param index="1">
              <value>
                <![CDATA["To verify products in cart page"]]>
              </value>
            </param>
          </params>
          <reporter-output>
          </reporter-output>
        </test-method> <!-- runScenario -->
        <test-method signature="runScenario(io.cucumber.testng.PickleWrapper,io.cucumber.testng.FeatureWrapper)[pri:0, instance:com.runner.TestRunner@6f10d5b6]" started-at="2024-07-08T20:24:49 IST" name="runScenario" description="Runs Cucumber Scenarios" data-provider="scenarios" finished-at="2024-07-08T20:25:18 IST" duration-ms="29018" status="PASS">
          <params>
            <param index="0">
              <value>
                <![CDATA["To verify login with valid username and password"]]>
              </value>
            </param>
            <param index="1">
              <value>
                <![CDATA["To check login functionality of sauce website"]]>
              </value>
            </param>
          </params>
          <reporter-output>
          </reporter-output>
        </test-method> <!-- runScenario -->
        <test-method signature="runScenario(io.cucumber.testng.PickleWrapper,io.cucumber.testng.FeatureWrapper)[pri:0, instance:com.runner.TestRunner@6f10d5b6]" started-at="2024-07-08T20:24:49 IST" name="runScenario" description="Runs Cucumber Scenarios" data-provider="scenarios" finished-at="2024-07-08T20:25:25 IST" duration-ms="36376" status="PASS">
          <params>
            <param index="0">
              <value>
                <![CDATA["To verify registration with blank information"]]>
              </value>
            </param>
            <param index="1">
              <value>
                <![CDATA["To check your information page functionality of sauce website"]]>
              </value>
            </param>
          </params>
          <reporter-output>
          </reporter-output>
        </test-method> <!-- runScenario -->
        <test-method signature="runScenario(io.cucumber.testng.PickleWrapper,io.cucumber.testng.FeatureWrapper)[pri:0, instance:com.runner.TestRunner@6f10d5b6]" started-at="2024-07-08T20:25:18 IST" name="runScenario" description="Runs Cucumber Scenarios" data-provider="scenarios" finished-at="2024-07-08T20:25:32 IST" duration-ms="13769" status="PASS">
          <params>
            <param index="0">
              <value>
                <![CDATA["To verify login with invalid username and password"]]>
              </value>
            </param>
            <param index="1">
              <value>
                <![CDATA["To check login functionality of sauce website"]]>
              </value>
            </param>
          </params>
          <reporter-output>
          </reporter-output>
        </test-method> <!-- runScenario -->
        <test-method signature="runScenario(io.cucumber.testng.PickleWrapper,io.cucumber.testng.FeatureWrapper)[pri:0, instance:com.runner.TestRunner@6f10d5b6]" started-at="2024-07-08T20:25:20 IST" name="runScenario" description="Runs Cucumber Scenarios" data-provider="scenarios" finished-at="2024-07-08T20:25:32 IST" duration-ms="11383" status="PASS">
          <params>
            <param index="0">
              <value>
                <![CDATA["To verify login with invalid username and password"]]>
              </value>
            </param>
            <param index="1">
              <value>
                <![CDATA["To check login functionality of sauce website"]]>
              </value>
            </param>
          </params>
          <reporter-output>
          </reporter-output>
        </test-method> <!-- runScenario -->
        <test-method signature="runScenario(io.cucumber.testng.PickleWrapper,io.cucumber.testng.FeatureWrapper)[pri:0, instance:com.runner.TestRunner@6f10d5b6]" started-at="2024-07-08T20:25:21 IST" name="runScenario" description="Runs Cucumber Scenarios" data-provider="scenarios" finished-at="2024-07-08T20:25:32 IST" duration-ms="10414" status="PASS">
          <params>
            <param index="0">
              <value>
                <![CDATA["To verify login with invalid username and password"]]>
              </value>
            </param>
            <param index="1">
              <value>
                <![CDATA["To check login functionality of sauce website"]]>
              </value>
            </param>
          </params>
          <reporter-output>
          </reporter-output>
        </test-method> <!-- runScenario -->
        <test-method signature="runScenario(io.cucumber.testng.PickleWrapper,io.cucumber.testng.FeatureWrapper)[pri:0, instance:com.runner.TestRunner@6f10d5b6]" started-at="2024-07-08T20:25:23 IST" name="runScenario" description="Runs Cucumber Scenarios" data-provider="scenarios" finished-at="2024-07-08T20:25:32 IST" duration-ms="8818" status="PASS">
          <params>
            <param index="0">
              <value>
                <![CDATA["To verify login with invalid username and password"]]>
              </value>
            </param>
            <param index="1">
              <value>
                <![CDATA["To check login functionality of sauce website"]]>
              </value>
            </param>
          </params>
          <reporter-output>
          </reporter-output>
        </test-method> <!-- runScenario -->
        <test-method signature="runScenario(io.cucumber.testng.PickleWrapper,io.cucumber.testng.FeatureWrapper)[pri:0, instance:com.runner.TestRunner@6f10d5b6]" started-at="2024-07-08T20:25:24 IST" name="runScenario" description="Runs Cucumber Scenarios" data-provider="scenarios" finished-at="2024-07-08T20:25:37 IST" duration-ms="13035" status="PASS">
          <params>
            <param index="0">
              <value>
                <![CDATA["To verify login with invalid username and password"]]>
              </value>
            </param>
            <param index="1">
              <value>
                <![CDATA["To check login functionality of sauce website"]]>
              </value>
            </param>
          </params>
          <reporter-output>
          </reporter-output>
        </test-method> <!-- runScenario -->
        <test-method signature="runScenario(io.cucumber.testng.PickleWrapper,io.cucumber.testng.FeatureWrapper)[pri:0, instance:com.runner.TestRunner@6f10d5b6]" started-at="2024-07-08T20:25:25 IST" name="runScenario" description="Runs Cucumber Scenarios" data-provider="scenarios" finished-at="2024-07-08T20:25:38 IST" duration-ms="12605" status="PASS">
          <params>
            <param index="0">
              <value>
                <![CDATA["To verify cart value"]]>
              </value>
            </param>
            <param index="1">
              <value>
                <![CDATA["To check product page functionality"]]>
              </value>
            </param>
          </params>
          <reporter-output>
          </reporter-output>
        </test-method> <!-- runScenario -->
        <test-method signature="runScenario(io.cucumber.testng.PickleWrapper,io.cucumber.testng.FeatureWrapper)[pri:0, instance:com.runner.TestRunner@6f10d5b6]" started-at="2024-07-08T20:25:25 IST" name="runScenario" description="Runs Cucumber Scenarios" data-provider="scenarios" finished-at="2024-07-08T20:25:37 IST" duration-ms="12305" status="PASS">
          <params>
            <param index="0">
              <value>
                <![CDATA["To verify cart value"]]>
              </value>
            </param>
            <param index="1">
              <value>
                <![CDATA["To check product page functionality"]]>
              </value>
            </param>
          </params>
          <reporter-output>
          </reporter-output>
        </test-method> <!-- runScenario -->
        <test-method signature="runScenario(io.cucumber.testng.PickleWrapper,io.cucumber.testng.FeatureWrapper)[pri:0, instance:com.runner.TestRunner@6f10d5b6]" started-at="2024-07-08T20:25:25 IST" name="runScenario" description="Runs Cucumber Scenarios" data-provider="scenarios" finished-at="2024-07-08T20:25:38 IST" duration-ms="12582" status="PASS">
          <params>
            <param index="0">
              <value>
                <![CDATA["To verify cart value"]]>
              </value>
            </param>
            <param index="1">
              <value>
                <![CDATA["To check product page functionality"]]>
              </value>
            </param>
          </params>
          <reporter-output>
          </reporter-output>
        </test-method> <!-- runScenario -->
        <test-method signature="runScenario(io.cucumber.testng.PickleWrapper,io.cucumber.testng.FeatureWrapper)[pri:0, instance:com.runner.TestRunner@6f10d5b6]" started-at="2024-07-08T20:25:25 IST" name="runScenario" description="Runs Cucumber Scenarios" data-provider="scenarios" finished-at="2024-07-08T20:25:38 IST" duration-ms="12128" status="PASS">
          <params>
            <param index="0">
              <value>
                <![CDATA["To verify filter in products page"]]>
              </value>
            </param>
            <param index="1">
              <value>
                <![CDATA["To check product page functionality"]]>
              </value>
            </param>
          </params>
          <reporter-output>
          </reporter-output>
        </test-method> <!-- runScenario -->
        <test-method signature="runScenario(io.cucumber.testng.PickleWrapper,io.cucumber.testng.FeatureWrapper)[pri:0, instance:com.runner.TestRunner@6f10d5b6]" started-at="2024-07-08T20:25:26 IST" name="runScenario" description="Runs Cucumber Scenarios" data-provider="scenarios" finished-at="2024-07-08T20:25:38 IST" duration-ms="11883" status="PASS">
          <params>
            <param index="0">
              <value>
                <![CDATA["To verify filter in products page"]]>
              </value>
            </param>
            <param index="1">
              <value>
                <![CDATA["To check product page functionality"]]>
              </value>
            </param>
          </params>
          <reporter-output>
          </reporter-output>
        </test-method> <!-- runScenario -->
        <test-method signature="runScenario(io.cucumber.testng.PickleWrapper,io.cucumber.testng.FeatureWrapper)[pri:0, instance:com.runner.TestRunner@6f10d5b6]" started-at="2024-07-08T20:25:32 IST" name="runScenario" description="Runs Cucumber Scenarios" data-provider="scenarios" finished-at="2024-07-08T20:25:39 IST" duration-ms="7871" status="PASS">
          <params>
            <param index="0">
              <value>
                <![CDATA["To verify filter in products page"]]>
              </value>
            </param>
            <param index="1">
              <value>
                <![CDATA["To check product page functionality"]]>
              </value>
            </param>
          </params>
          <reporter-output>
          </reporter-output>
        </test-method> <!-- runScenario -->
        <test-method signature="runScenario(io.cucumber.testng.PickleWrapper,io.cucumber.testng.FeatureWrapper)[pri:0, instance:com.runner.TestRunner@6f10d5b6]" started-at="2024-07-08T20:25:32 IST" name="runScenario" description="Runs Cucumber Scenarios" data-provider="scenarios" finished-at="2024-07-08T20:25:39 IST" duration-ms="7579" status="PASS">
          <params>
            <param index="0">
              <value>
                <![CDATA["To verify filter in products page"]]>
              </value>
            </param>
            <param index="1">
              <value>
                <![CDATA["To check product page functionality"]]>
              </value>
            </param>
          </params>
          <reporter-output>
          </reporter-output>
        </test-method> <!-- runScenario -->
        <test-method is-config="true" signature="tearDownClass()[pri:0, instance:com.runner.TestRunner@6f10d5b6]" started-at="2024-07-08T20:25:39 IST" name="tearDownClass" finished-at="2024-07-08T20:25:40 IST" duration-ms="56" status="PASS">
          <reporter-output>
          </reporter-output>
        </test-method> <!-- tearDownClass -->
      </class> <!-- com.runner.TestRunner -->
    </test> <!-- Default test -->
  </suite> <!-- Default suite -->
</testng-results>
